<?xml version="1.0" encoding="UTF-8"?>
<!-- Generated by org.testng.reporters.JUnitReportReporter -->
<testsuite hostname="JananeVijay" failures="0" tests="2" name="testcases.SwagLoginTC" time="8.989" errors="0" timestamp="04 May 2023 04:55:06 GMT" skipped="0">
  <testcase classname="testcases.SwagLoginTC" name="test2" time="4.229"/>
  <testcase classname="testcases.SwagLoginTC" name="test1" time="4.760"/>
</testsuite> <!-- testcases.SwagLoginTC -->
