<?xml version="1.0" encoding="UTF-8"?>
<!-- Generated by org.testng.reporters.JUnitReportReporter -->
<testsuite skipped="0" hostname="JananeVijay" name="testcases.LoginTestcaseSwag" tests="2" failures="0" timestamp="04 May 2023 07:36:21 GMT" time="9.468" errors="0">
  <testcase name="test1" time="5.319" classname="testcases.LoginTestcaseSwag"/>
  <testcase name="test2" time="4.149" classname="testcases.LoginTestcaseSwag"/>
</testsuite> <!-- testcases.LoginTestcaseSwag -->
